[2025-01-23 13:48:13,810] [autoreload.py:668] [autoreload:run_with_reloader] [INFO]- Watching for file changes with StatReloader
[2025-01-23 13:48:52,478] [autoreload.py:668] [autoreload:run_with_reloader] [INFO]- Watching for file changes with StatReloader
[2025-01-23 13:49:00,318] [log.py:241] [log:log_response] [WARNING]- Not Found: /
[2025-01-23 13:49:00,322] [basehttp.py:212] [basehttp:log_message] [WARNING]- "GET / HTTP/1.1" 404 3197
[2025-01-23 13:49:00,411] [log.py:241] [log:log_response] [WARNING]- Not Found: /favicon.ico
[2025-01-23 13:49:00,413] [basehttp.py:212] [basehttp:log_message] [WARNING]- "GET /favicon.ico HTTP/1.1" 404 3248
[2025-01-23 13:50:36,527] [autoreload.py:668] [autoreload:run_with_reloader] [INFO]- Watching for file changes with StatReloader
[2025-01-23 13:51:08,403] [autoreload.py:668] [autoreload:run_with_reloader] [INFO]- Watching for file changes with StatReloader
[2025-01-23 13:51:13,266] [log.py:241] [log:log_response] [WARNING]- Not Found: /
[2025-01-23 13:51:13,268] [basehttp.py:212] [basehttp:log_message] [WARNING]- "GET / HTTP/1.1" 404 3197
[2025-01-23 13:51:13,441] [log.py:241] [log:log_response] [WARNING]- Not Found: /favicon.ico
[2025-01-23 13:51:13,444] [basehttp.py:212] [basehttp:log_message] [WARNING]- "GET /favicon.ico HTTP/1.1" 404 3248
[2025-01-23 13:52:47,333] [autoreload.py:668] [autoreload:run_with_reloader] [INFO]- Watching for file changes with StatReloader
[2025-01-23 13:54:19,619] [autoreload.py:668] [autoreload:run_with_reloader] [INFO]- Watching for file changes with StatReloader
[2025-01-23 13:54:23,443] [log.py:241] [log:log_response] [WARNING]- Not Found: /
[2025-01-23 13:54:23,446] [basehttp.py:212] [basehttp:log_message] [WARNING]- "GET / HTTP/1.1" 404 3197
[2025-01-23 13:54:23,599] [log.py:241] [log:log_response] [WARNING]- Not Found: /favicon.ico
[2025-01-23 13:54:23,607] [basehttp.py:212] [basehttp:log_message] [WARNING]- "GET /favicon.ico HTTP/1.1" 404 3248
[2025-01-23 13:55:57,855] [autoreload.py:668] [autoreload:run_with_reloader] [INFO]- Watching for file changes with StatReloader
[2025-01-23 13:56:01,328] [basehttp.py:212] [basehttp:log_message] [INFO]- "GET /api/swagger/ HTTP/1.1" 200 2403
[2025-01-23 13:56:01,443] [basehttp.py:212] [basehttp:log_message] [INFO]- "GET /static/drf-yasg/style.css HTTP/1.1" 200 1047
[2025-01-23 13:56:01,446] [basehttp.py:212] [basehttp:log_message] [INFO]- "GET /static/drf-yasg/swagger-ui-dist/swagger-ui.css HTTP/1.1" 200 145206
[2025-01-23 13:56:01,476] [basehttp.py:212] [basehttp:log_message] [INFO]- "GET /static/drf-yasg/swagger-ui-dist/swagger-ui-standalone-preset.js HTTP/1.1" 200 322863
[2025-01-23 13:56:01,491] [basehttp.py:212] [basehttp:log_message] [INFO]- "GET /static/drf-yasg/insQ.min.js HTTP/1.1" 200 2093
[2025-01-23 13:56:01,531] [basehttp.py:212] [basehttp:log_message] [INFO]- "GET /static/drf-yasg/swagger-ui-dist/swagger-ui-bundle.js HTTP/1.1" 200 1046583
[2025-01-23 13:56:01,532] [basehttp.py:212] [basehttp:log_message] [INFO]- "GET /static/drf-yasg/immutable.min.js HTTP/1.1" 200 56904
[2025-01-23 13:56:01,536] [basehttp.py:212] [basehttp:log_message] [INFO]- "GET /static/drf-yasg/swagger-ui-init.js HTTP/1.1" 200 14964
[2025-01-23 13:56:01,696] [basehttp.py:212] [basehttp:log_message] [INFO]- "GET /static/drf-yasg/swagger-ui-dist/favicon-32x32.png HTTP/1.1" 200 628
[2025-01-23 13:56:01,902] [basehttp.py:212] [basehttp:log_message] [INFO]- "GET /api/swagger/?format=openapi HTTP/1.1" 200 19353
[2025-01-23 13:58:05,888] [autoreload.py:668] [autoreload:run_with_reloader] [INFO]- Watching for file changes with StatReloader
[2025-01-23 13:59:10,278] [autoreload.py:668] [autoreload:run_with_reloader] [INFO]- Watching for file changes with StatReloader
