[2025-02-27 08:35:33,292] [autoreload.py:668] [autoreload:run_with_reloader] [INFO]- Watching for file changes with StatReloader
[2025-02-27 08:36:42,399] [autoreload.py:668] [autoreload:run_with_reloader] [INFO]- Watching for file changes with StatReloader
[2025-02-27 08:36:47,567] [log.py:241] [log:log_response] [WARNING]- Not Found: /
[2025-02-27 08:36:47,575] [basehttp.py:212] [basehttp:log_message] [WARNING]- "GET / HTTP/1.1" 404 3197
[2025-02-27 08:36:47,665] [log.py:241] [log:log_response] [WARNING]- Not Found: /favicon.ico
[2025-02-27 08:36:47,668] [basehttp.py:212] [basehttp:log_message] [WARNING]- "GET /favicon.ico HTTP/1.1" 404 3248
[2025-02-27 08:36:52,220] [basehttp.py:212] [basehttp:log_message] [INFO]- "GET /api/swagger/ HTTP/1.1" 200 2175
[2025-02-27 08:36:52,374] [basehttp.py:212] [basehttp:log_message] [INFO]- "GET /static/drf-yasg/style.css HTTP/1.1" 200 1047
[2025-02-27 08:36:52,397] [basehttp.py:212] [basehttp:log_message] [INFO]- "GET /static/drf-yasg/swagger-ui-dist/swagger-ui.css HTTP/1.1" 200 145206
[2025-02-27 08:36:52,460] [basehttp.py:212] [basehttp:log_message] [INFO]- "GET /static/drf-yasg/insQ.min.js HTTP/1.1" 200 2093
[2025-02-27 08:36:52,472] [basehttp.py:212] [basehttp:log_message] [INFO]- "GET /static/drf-yasg/swagger-ui-dist/swagger-ui-standalone-preset.js HTTP/1.1" 200 322863
[2025-02-27 08:36:52,474] [basehttp.py:212] [basehttp:log_message] [INFO]- "GET /static/drf-yasg/immutable.min.js HTTP/1.1" 200 56904
[2025-02-27 08:36:52,481] [basehttp.py:212] [basehttp:log_message] [INFO]- "GET /static/drf-yasg/swagger-ui-init.js HTTP/1.1" 200 14964
[2025-02-27 08:36:52,489] [basehttp.py:212] [basehttp:log_message] [INFO]- "GET /static/drf-yasg/swagger-ui-dist/swagger-ui-bundle.js HTTP/1.1" 200 1046583
[2025-02-27 08:36:52,702] [basehttp.py:212] [basehttp:log_message] [INFO]- "GET /static/drf-yasg/swagger-ui-dist/favicon-32x32.png HTTP/1.1" 200 628
[2025-02-27 08:36:52,828] [basehttp.py:212] [basehttp:log_message] [INFO]- "GET /api/swagger/?format=openapi HTTP/1.1" 200 22505
[2025-02-27 08:40:19,640] [autoreload.py:668] [autoreload:run_with_reloader] [INFO]- Watching for file changes with StatReloader
[2025-02-27 08:40:35,094] [basehttp.py:212] [basehttp:log_message] [INFO]- "GET /api/swagger/ HTTP/1.1" 200 2175
[2025-02-27 08:40:35,463] [basehttp.py:212] [basehttp:log_message] [INFO]- "GET /api/swagger/?format=openapi HTTP/1.1" 200 22505
[2025-02-27 08:40:43,786] [libitemviewset.py:263] [libitemviewset:GetItemList] [INFO]- 进入方法时间:2025-02-27 08:40:43
[2025-02-27 08:40:43,896] [libitemviewset.py:318] [libitemviewset:GetItemList] [INFO]- 结束方法时间:2025-02-27 08:40:43
[2025-02-27 08:40:43,899] [basehttp.py:212] [basehttp:log_message] [INFO]- "POST /api/gpi/Libitem/GetItemList/ HTTP/1.1" 200 58
[2025-02-27 08:40:50,898] [libitemviewset.py:263] [libitemviewset:GetItemList] [INFO]- 进入方法时间:2025-02-27 08:40:50
[2025-02-27 08:40:51,734] [libitemviewset.py:318] [libitemviewset:GetItemList] [INFO]- 结束方法时间:2025-02-27 08:40:51
[2025-02-27 08:40:51,742] [basehttp.py:212] [basehttp:log_message] [INFO]- "POST /api/gpi/Libitem/GetItemList/ HTTP/1.1" 200 73163
[2025-02-27 08:41:06,365] [basehttp.py:212] [basehttp:log_message] [INFO]- "GET /api/gpi/Libitem/GetItemList/ HTTP/1.1" 200 9973
[2025-02-27 08:41:06,462] [basehttp.py:212] [basehttp:log_message] [INFO]- "GET /static/rest_framework/js/ajax-form.js HTTP/1.1" 200 3597
[2025-02-27 08:41:06,472] [basehttp.py:212] [basehttp:log_message] [INFO]- "GET /static/rest_framework/css/bootstrap.min.css HTTP/1.1" 200 121457
[2025-02-27 08:41:06,475] [basehttp.py:212] [basehttp:log_message] [INFO]- "GET /static/rest_framework/css/bootstrap-tweaks.css HTTP/1.1" 200 3385
[2025-02-27 08:41:06,487] [basehttp.py:212] [basehttp:log_message] [INFO]- "GET /static/rest_framework/css/prettify.css HTTP/1.1" 200 817
[2025-02-27 08:41:06,505] [basehttp.py:212] [basehttp:log_message] [INFO]- "GET /static/rest_framework/css/default.css HTTP/1.1" 200 1152
[2025-02-27 08:41:06,536] [basehttp.py:212] [basehttp:log_message] [INFO]- "GET /static/rest_framework/js/csrf.js HTTP/1.1" 200 1719
[2025-02-27 08:41:06,583] [basehttp.py:212] [basehttp:log_message] [INFO]- "GET /static/rest_framework/js/jquery-3.5.1.min.js HTTP/1.1" 200 89476
[2025-02-27 08:41:06,595] [basehttp.py:212] [basehttp:log_message] [INFO]- "GET /static/rest_framework/js/prettify-min.js HTTP/1.1" 200 13632
[2025-02-27 08:41:06,600] [basehttp.py:212] [basehttp:log_message] [INFO]- "GET /static/rest_framework/js/default.js HTTP/1.1" 200 1268
[2025-02-27 08:41:06,613] [basehttp.py:212] [basehttp:log_message] [INFO]- "GET /static/rest_framework/js/bootstrap.min.js HTTP/1.1" 200 39680
[2025-02-27 08:41:06,620] [basehttp.py:212] [basehttp:log_message] [INFO]- "GET /static/rest_framework/img/grid.png HTTP/1.1" 200 1458
[2025-02-27 08:41:21,078] [libitemviewset.py:263] [libitemviewset:GetItemList] [INFO]- 进入方法时间:2025-02-27 08:41:21
[2025-02-27 08:41:21,766] [libitemviewset.py:318] [libitemviewset:GetItemList] [INFO]- 结束方法时间:2025-02-27 08:41:21
[2025-02-27 08:41:21,769] [basehttp.py:212] [basehttp:log_message] [INFO]- "POST /api/gpi/Libitem/GetItemList/ HTTP/1.1" 200 73163
