[2025-03-04 00:50:50,622] [autoreload.py:668] [autoreload:run_with_reloader] [INFO]- Watching for file changes with StatReloader
[2025-03-04 00:50:56,120] [sysmenuviewset.py:61] [sysmenuviewset:QueryMenus] [INFO]- 进入方法时间:2025-03-04 00:50:56
[2025-03-04 00:50:56,334] [sysmenuviewset.py:99] [sysmenuviewset:QueryMenus] [INFO]- 结束方法时间:2025-03-04 00:50:56
[2025-03-04 00:50:56,434] [basehttp.py:212] [basehttp:log_message] [INFO]- "GET /api/sysmenu/QueryMenus/ HTTP/1.1" 200 5683
[2025-03-04 00:50:56,573] [log.py:241] [log:log_response] [WARNING]- Not Found: /favicon.ico
[2025-03-04 00:50:56,575] [basehttp.py:212] [basehttp:log_message] [WARNING]- "GET /favicon.ico HTTP/1.1" 404 179
[2025-03-04 00:51:03,505] [sysmenuviewset.py:61] [sysmenuviewset:QueryMenus] [INFO]- 进入方法时间:2025-03-04 00:51:03
[2025-03-04 00:51:03,607] [sysmenuviewset.py:99] [sysmenuviewset:QueryMenus] [INFO]- 结束方法时间:2025-03-04 00:51:03
[2025-03-04 00:51:03,616] [basehttp.py:212] [basehttp:log_message] [INFO]- "GET /api/sysmenu/QueryMenus/ HTTP/1.1" 200 5683
[2025-03-04 00:51:11,935] [sysmenuviewset.py:61] [sysmenuviewset:QueryMenus] [INFO]- 进入方法时间:2025-03-04 00:51:11
[2025-03-04 00:51:12,039] [sysmenuviewset.py:99] [sysmenuviewset:QueryMenus] [INFO]- 结束方法时间:2025-03-04 00:51:12
[2025-03-04 00:51:12,048] [basehttp.py:212] [basehttp:log_message] [INFO]- "GET /api/sysmenu/QueryMenus/ HTTP/1.1" 200 5683
[2025-03-04 00:51:12,790] [sysmenuviewset.py:61] [sysmenuviewset:QueryMenus] [INFO]- 进入方法时间:2025-03-04 00:51:12
[2025-03-04 00:51:12,885] [sysmenuviewset.py:99] [sysmenuviewset:QueryMenus] [INFO]- 结束方法时间:2025-03-04 00:51:12
[2025-03-04 00:51:12,893] [basehttp.py:212] [basehttp:log_message] [INFO]- "GET /api/sysmenu/QueryMenus/ HTTP/1.1" 200 5683
[2025-03-04 00:51:13,342] [basehttp.py:212] [basehttp:log_message] [INFO]- "OPTIONS /api/sysmenu/QueryMenus/ HTTP/1.1" 200 5687
[2025-03-04 00:51:14,029] [basehttp.py:212] [basehttp:log_message] [INFO]- "OPTIONS /api/sysmenu/QueryMenus/ HTTP/1.1" 200 5687
[2025-03-04 00:51:14,471] [basehttp.py:212] [basehttp:log_message] [INFO]- "OPTIONS /api/sysmenu/QueryMenus/ HTTP/1.1" 200 5687
[2025-03-04 00:51:14,676] [basehttp.py:212] [basehttp:log_message] [INFO]- "OPTIONS /api/sysmenu/QueryMenus/ HTTP/1.1" 200 5687
[2025-03-04 00:51:16,699] [sysmenuviewset.py:61] [sysmenuviewset:QueryMenus] [INFO]- 进入方法时间:2025-03-04 00:51:16
[2025-03-04 00:51:16,798] [sysmenuviewset.py:99] [sysmenuviewset:QueryMenus] [INFO]- 结束方法时间:2025-03-04 00:51:16
[2025-03-04 00:51:16,806] [basehttp.py:212] [basehttp:log_message] [INFO]- "GET /api/sysmenu/QueryMenus/ HTTP/1.1" 200 5683
[2025-03-04 00:51:17,065] [sysmenuviewset.py:61] [sysmenuviewset:QueryMenus] [INFO]- 进入方法时间:2025-03-04 00:51:17
[2025-03-04 00:51:17,156] [sysmenuviewset.py:99] [sysmenuviewset:QueryMenus] [INFO]- 结束方法时间:2025-03-04 00:51:17
[2025-03-04 00:51:17,165] [basehttp.py:212] [basehttp:log_message] [INFO]- "GET /api/sysmenu/QueryMenus/ HTTP/1.1" 200 5683
[2025-03-04 00:51:33,281] [sysmenuviewset.py:61] [sysmenuviewset:QueryMenus] [INFO]- 进入方法时间:2025-03-04 00:51:33
[2025-03-04 00:51:33,392] [sysmenuviewset.py:99] [sysmenuviewset:QueryMenus] [INFO]- 结束方法时间:2025-03-04 00:51:33
[2025-03-04 00:51:33,401] [basehttp.py:212] [basehttp:log_message] [INFO]- "GET /api/sysmenu/QueryMenus/ HTTP/1.1" 200 5683
[2025-03-04 00:53:11,444] [autoreload.py:266] [autoreload:trigger_reload] [INFO]- /home/owen/Github/PythonOwen/djangoapi/djapps/djapps/settings.py changed, reloading.
[2025-03-04 00:53:15,394] [autoreload.py:668] [autoreload:run_with_reloader] [INFO]- Watching for file changes with StatReloader
[2025-03-04 00:53:18,649] [autoreload.py:266] [autoreload:trigger_reload] [INFO]- /home/owen/Github/PythonOwen/djangoapi/djapps/djapps/settings.py changed, reloading.
[2025-03-04 00:53:29,192] [autoreload.py:668] [autoreload:run_with_reloader] [INFO]- Watching for file changes with StatReloader
[2025-03-04 00:53:35,676] [sysmenuviewset.py:61] [sysmenuviewset:QueryMenus] [INFO]- 进入方法时间:2025-03-04 00:53:35
[2025-03-04 00:53:35,829] [sysmenuviewset.py:99] [sysmenuviewset:QueryMenus] [INFO]- 结束方法时间:2025-03-04 00:53:35
[2025-03-04 00:53:35,922] [basehttp.py:212] [basehttp:log_message] [INFO]- "GET /api/sysmenu/QueryMenus/ HTTP/1.1" 200 44474
[2025-03-04 00:53:37,850] [sysmenuviewset.py:61] [sysmenuviewset:QueryMenus] [INFO]- 进入方法时间:2025-03-04 00:53:37
[2025-03-04 00:53:37,960] [sysmenuviewset.py:99] [sysmenuviewset:QueryMenus] [INFO]- 结束方法时间:2025-03-04 00:53:37
[2025-03-04 00:53:37,993] [basehttp.py:212] [basehttp:log_message] [INFO]- "GET /api/sysmenu/QueryMenus/ HTTP/1.1" 200 44474
[2025-03-04 00:56:43,636] [autoreload.py:668] [autoreload:run_with_reloader] [INFO]- Watching for file changes with StatReloader
[2025-03-04 00:56:58,443] [basehttp.py:212] [basehttp:log_message] [INFO]- "POST /api/token/ HTTP/1.1" 200 483
[2025-03-04 00:57:01,703] [log.py:241] [log:log_response] [WARNING]- Method Not Allowed: /api/token/
[2025-03-04 00:57:01,705] [basehttp.py:212] [basehttp:log_message] [WARNING]- "GET /api/token/ HTTP/1.1" 405 7734
[2025-03-04 00:57:06,563] [basehttp.py:212] [basehttp:log_message] [INFO]- "POST /api/token/ HTTP/1.1" 200 8183
[2025-03-04 00:57:12,958] [log.py:241] [log:log_response] [WARNING]- Not Found: /
[2025-03-04 00:57:12,959] [basehttp.py:212] [basehttp:log_message] [WARNING]- "GET / HTTP/1.1" 404 179
[2025-03-04 00:57:16,888] [log.py:241] [log:log_response] [WARNING]- Not Found: /api/libitem/
[2025-03-04 00:57:16,889] [basehttp.py:212] [basehttp:log_message] [WARNING]- "GET /api/libitem/?name=Owen HTTP/1.1" 404 179
[2025-03-04 00:57:22,757] [log.py:241] [log:log_response] [WARNING]- Method Not Allowed: /api/token/refresh/
[2025-03-04 00:57:22,758] [basehttp.py:212] [basehttp:log_message] [WARNING]- "GET /api/token/refresh/ HTTP/1.1" 405 7549
